<?xml version="1.0" encoding="UTF-8"?>
<!-- Generated by org.testng.reporters.JUnitReportReporter -->
<testsuite hostname="vivobook-asuslaptop-x512flc-x512fl" failures="0" tests="3" name="Error.Console_log.pp7v15_consolelog" time="26.857" errors="0" timestamp="2024-02-01T17:53:49 IST" skipped="0">
  <testcase classname="Error.Console_log.pp7v15_consolelog" name="Login" time="25.576"/>
  <testcase classname="Error.Console_log.pp7v15_consolelog" name="Dashboard" time="1.248"/>
  <testcase classname="Error.Console_log.pp7v15_consolelog" name="console" time="0.033"/>
</testsuite> <!-- Error.Console_log.pp7v15_consolelog -->
